Arguments: 
  /usr/bin/node /usr/share/yarn/bin/yarn.js

PATH: 
  /bin/cargo/bin:/home/npm-global/bin:/usr/local/sbin:/usr/local/bin:/usr/sbin:/usr/bin:/sbin:/bin:/home/coder/miniconda/bin:/usr/local/go/bin:/home/coder/go/bin

Yarn version: 
  1.22.19

Node version: 
  14.20.0

Platform: 
  linux x64

Trace: 
  Error: Client network socket disconnected before secure TLS connection was established
      at connResetException (internal/errors.js:639:14)
      at TLSSocket.onConnectEnd (_tls_wrap.js:1570:19)
      at TLSSocket.emit (events.js:412:35)
      at endReadableNT (internal/streams/readable.js:1333:12)
      at processTicksAndRejections (internal/process/task_queues.js:82:21)

npm manifest: 
  {
    "name": "reactlab",
    "private": true,
    "dependencies": {
      "coder": "^1.0.0",
      "nginx-conf": "^2.1.0",
      "react": "^18.2.0",
      "react-scripts": "^5.0.1",
      "web-vitals": "^2.1.4"
    },
    "scripts": {
      "start": "react-scripts start",
      "build": "react-scripts build",
      "test": "react-scripts test",
      "eject": "react-scripts eject"
    },
    "browserslist": {
      "production": [
        ">0.2%",
        "not dead",
        "not op_mini all"
      ],
      "development": [
        "last 1 chrome version",
        "last 1 firefox version",
        "last 1 safari version"
      ]
    }
  }

yarn manifest: 
  No manifest

Lockfile: 
  No lockfile
